<?xml version="1.0" encoding="UTF-8"?>
<!-- Generated by org.testng.reporters.JUnitReportReporter -->
<testsuite hostname="Balaji" failures="0" tests="3" name="com.sg.runner.RunnerTest" time="34.989" errors="0" timestamp="2022-07-21T17:01:28 IST" skipped="0">
  <testcase classname="com.sg.runner.RunnerTest" name="runScenario" time="9.192"/>
  <system-out/>
  <testcase classname="com.sg.runner.RunnerTest" name="runScenario" time="17.224"/>
  <system-out/>
  <testcase classname="com.sg.runner.RunnerTest" name="runScenario" time="8.573"/>
  <system-out/>
</testsuite> <!-- com.sg.runner.RunnerTest -->
