<?xml version="1.0" encoding="UTF-8"?>
<!-- Generated by org.testng.reporters.JUnitReportReporter -->
<testsuite hostname="Balaji" failures="0" tests="2" name="com.sg.runner.RunnerTest" time="30.699" errors="0" timestamp="2022-07-21T15:55:43 IST" skipped="0">
  <testcase classname="com.sg.runner.RunnerTest" name="runScenario" time="13.792"/>
  <system-out/>
  <testcase classname="com.sg.runner.RunnerTest" name="runScenario" time="16.907"/>
  <system-out/>
</testsuite> <!-- com.sg.runner.RunnerTest -->
